 Wed Nov 21 2018 19:44:35 GMT+0700 (WIB) : GET /about  
 Wed Nov 21 2018 19:44:40 GMT+0700 (WIB) : GET /  
 Wed Nov 21 2018 19:46:27 GMT+0700 (WIB) : GET /  
 Wed Nov 21 2018 19:57:35 GMT+0700 (WIB) : GET /  
 Wed Nov 21 2018 19:57:39 GMT+0700 (WIB) : GET /home  
 Wed Nov 21 2018 19:57:44 GMT+0700 (WIB) : GET /about  
 Wed Nov 21 2018 19:59:46 GMT+0700 (WIB) : GET /help.html  
 Wed Nov 21 2018 21:01:46 GMT+0700 (WIB) : GET /help.html  
 Wed Nov 21 2018 21:01:52 GMT+0700 (WIB) : GET /  
 Wed Nov 21 2018 21:01:53 GMT+0700 (WIB) : GET /about  
 Wed Nov 21 2018 21:01:54 GMT+0700 (WIB) : GET /  
 Thu Nov 22 2018 08:02:38 GMT+0700 (WIB) : GET /  
 Thu Nov 22 2018 08:02:38 GMT+0700 (WIB) : GET /favicon.ico  
 Thu Nov 22 2018 08:02:41 GMT+0700 (WIB) : GET /  
 Thu Nov 22 2018 08:02:52 GMT+0700 (WIB) : GET /  
 Thu Nov 22 2018 08:03:02 GMT+0700 (WIB) : GET /  
 Thu Nov 22 2018 08:03:04 GMT+0700 (WIB) : GET /project  
 Thu Nov 22 2018 08:03:43 GMT+0700 (WIB) : GET /project  
 Thu Nov 22 2018 08:03:47 GMT+0700 (WIB) : GET /project  
 Thu Nov 22 2018 08:03:49 GMT+0700 (WIB) : GET /about  
 Thu Nov 22 2018 08:03:50 GMT+0700 (WIB) : GET /  
 Thu Nov 22 2018 08:03:51 GMT+0700 (WIB) : GET /about  
 Thu Nov 22 2018 08:03:53 GMT+0700 (WIB) : GET /project  
 Thu Nov 22 2018 08:03:54 GMT+0700 (WIB) : GET /  
 Thu Nov 22 2018 08:03:55 GMT+0700 (WIB) : GET /about  
 Thu Nov 22 2018 08:03:56 GMT+0700 (WIB) : GET /project  
 Thu Nov 22 2018 08:03:59 GMT+0700 (WIB) : GET /  
 Thu Nov 22 2018 08:04:00 GMT+0700 (WIB) : GET /about  
 Thu Nov 22 2018 08:04:01 GMT+0700 (WIB) : GET /project  
